acpi
alsa-utils
alternating-layouts-git
bat
calendar-cli
cawbird
ddgr
dracula-gtk-theme
element-desktop
entr
etckeeper
exa
fd
fzf
git
gitlint
gpodder
groovy
gvfs
gvfs-mtp
gvfs-smb
i3-gnome-pomodoro-git
i3-layout-manager-git
i3-scrot
i3exit
kdeconnect
kitty
lazygit
libvncserver
man-db
man-pages
mirrorlist-rankmirrors-hook
neovide
neovim-symlinks
nerd-fonts-complete
network-manager-applet
nodejs
nodejs-markdownlint-cli
ntp
mdcat
pavucontrol
playerctl
polybar
powerline
python
python-black
python-gobject
python-pipenv
python-pynvim
remmina
ripgrep
rofi
rofi-greenclip
rofi-power-menu
ruby
ruby-neovim
signal-desktop
starship
syncthing
tdrop-git
tmux
tmux-plugin-manager
toot
ttf-fira-code
vlc
volnoti
whalebird
xclip
xfce4-goodies
yarn
youtube-dl
zsh
zsh-syntax-highlighting
zsh-vi-mode
